Using pre-set license
Built from '2020.3/staging' branch; Version is '2020.3.10f1 (297d780c91bc) revision 2719096'; Using compiler version '192528614'; Build Type 'Release'
OS: 'Windows 10 Education; OS build 18363.1556; Version 1909; 64bit' Language: 'en' Physical Memory: 16329 MB
BatchMode: 1, IsHumanControllingUs: 0, StartBugReporterOnCrash: 0, Is64bit: 1, IsPro: 0

 COMMAND LINE ARGUMENTS:
C:\Program Files\Unity\Hub\Editor\2020.3.10f1\Editor\Unity.exe
-adb2
-batchMode
-noUpm
-name
AssetImportWorker0
-projectPath
C:/Users/ZonamarPC/Documents/GitHub/Tosharu-Racing
-logFile
Logs/AssetImportWorker0.log
-srvPort
55223
Successfully changed project path to: C:/Users/ZonamarPC/Documents/GitHub/Tosharu-Racing
C:/Users/ZonamarPC/Documents/GitHub/Tosharu-Racing
Using Asset Import Pipeline V2.
Refreshing native plugins compatible for Editor in 109.50 ms, found 3 plugins.
Preloading 0 native plugins for Editor in 0.00 ms.
Initialize engine version: 2020.3.10f1 (297d780c91bc)
[Subsystems] Discovering subsystems at path C:/Program Files/Unity/Hub/Editor/2020.3.10f1/Editor/Data/Resources/UnitySubsystems
[Subsystems] Discovering subsystems at path C:/Users/ZonamarPC/Documents/GitHub/Tosharu-Racing/Assets
GfxDevice: creating device client; threaded=0
Direct3D:
    Version:  Direct3D 11.0 [level 11.1]
    Renderer: NVIDIA GeForce RTX 2060 SUPER (ID=0x1f06)
    Vendor:   
    VRAM:     8031 MB
    Driver:   27.21.14.6089
Initialize mono
Mono path[0] = 'C:/Program Files/Unity/Hub/Editor/2020.3.10f1/Editor/Data/Managed'
Mono path[1] = 'C:/Program Files/Unity/Hub/Editor/2020.3.10f1/Editor/Data/MonoBleedingEdge/lib/mono/unityjit'
Mono config path = 'C:/Program Files/Unity/Hub/Editor/2020.3.10f1/Editor/Data/MonoBleedingEdge/etc'
Using monoOptions --debugger-agent=transport=dt_socket,embedding=1,server=y,suspend=n,address=127.0.0.1:56548
Begin MonoManager ReloadAssembly
Registering precompiled unity dll's ...
Register platform support module: C:/Program Files/Unity/Hub/Editor/2020.3.10f1/Editor/Data/PlaybackEngines/WebGLSupport/UnityEditor.WebGL.Extensions.dll
Register platform support module: C:/Program Files/Unity/Hub/Editor/2020.3.10f1/Editor/Data/PlaybackEngines/WindowsStandaloneSupport/UnityEditor.WindowsStandalone.Extensions.dll
Register platform support module: C:/Program Files/Unity/Hub/Editor/2020.3.10f1/Editor/Data/PlaybackEngines/LinuxStandaloneSupport/UnityEditor.LinuxStandalone.Extensions.dll
Registered in 0.006424 seconds.
Native extension for LinuxStandalone target not found
Native extension for WindowsStandalone target not found
Native extension for WebGL target not found
Refreshing native plugins compatible for Editor in 102.10 ms, found 3 plugins.
Preloading 0 native plugins for Editor in 0.00 ms.
Mono: successfully reloaded assembly
- Completed reload, in  4.657 seconds
Platform modules already initialized, skipping
Registering precompiled user dll's ...
Registered in 0.018815 seconds.
Begin MonoManager ReloadAssembly
Native extension for LinuxStandalone target not found
Native extension for WindowsStandalone target not found
Native extension for WebGL target not found
Refreshing native plugins compatible for Editor in 99.24 ms, found 3 plugins.
Preloading 0 native plugins for Editor in 0.00 ms.
Mono: successfully reloaded assembly
- Completed reload, in  3.625 seconds
Platform modules already initialized, skipping
========================================================================
Worker process is ready to serve import requests
Launched and connected shader compiler UnityShaderCompiler.exe after 0.11 seconds
Refreshing native plugins compatible for Editor in 1.43 ms, found 3 plugins.
Preloading 0 native plugins for Editor in 0.00 ms.
Unloading 2755 Unused Serialized files (Serialized files now loaded: 0)
System memory in use before: 126.8 MB.
System memory in use after: 124.8 MB.

Unloading 163 unused Assets to reduce memory usage. Loaded Objects now: 3147.
Total: 7.071200 ms (FindLiveObjects: 0.526000 ms CreateObjectMapping: 0.180800 ms MarkObjects: 3.520500 ms  DeleteObjects: 2.842200 ms)

========================================================================
Received Import Request.
  path: Assets/Karting
  artifactKey: Guid(5b37cab98afac4ca696e7a5c19dec454) Importer(815301076,1909f56bfc062723c751e8b465ee728b)
Start importing Assets/Karting using Guid(5b37cab98afac4ca696e7a5c19dec454) Importer(815301076,1909f56bfc062723c751e8b465ee728b)  -> (artifact id: 'b827e3cb01004cc33f293f804f3c9e25') in 0.012361 seconds
  Import took 0.020332 seconds .

========================================================================
Received Import Request.
  Time since last request: 0.000701 seconds.
  path: Assets/Karting/Scenes/MainScene.unity
  artifactKey: Guid(92786e23da2af4a4f8803aaf44c47121) Importer(815301076,1909f56bfc062723c751e8b465ee728b)
Start importing Assets/Karting/Scenes/MainScene.unity using Guid(92786e23da2af4a4f8803aaf44c47121) Importer(815301076,1909f56bfc062723c751e8b465ee728b)  -> (artifact id: '84d178ca3df8ef11eb8bf2f7791e5422') in 0.007194 seconds
  Import took 0.014280 seconds .

========================================================================
Received Import Request.
  Time since last request: 0.000591 seconds.
  path: Assets/Karting/Scenes
  artifactKey: Guid(2d9368ff4695049bc9d47fc5d53d88a0) Importer(815301076,1909f56bfc062723c751e8b465ee728b)
Start importing Assets/Karting/Scenes using Guid(2d9368ff4695049bc9d47fc5d53d88a0) Importer(815301076,1909f56bfc062723c751e8b465ee728b)  -> (artifact id: '4cd7524d3bde3371219305df01305190') in 0.004850 seconds
  Import took 0.010595 seconds .

========================================================================
Received Import Request.
  Time since last request: 0.337316 seconds.
  path: Assets/Karting/Scenes/WinScene.unity
  artifactKey: Guid(d6801f2e59f75ee4b919cf5da4e48e3b) Importer(815301076,1909f56bfc062723c751e8b465ee728b)
Start importing Assets/Karting/Scenes/WinScene.unity using Guid(d6801f2e59f75ee4b919cf5da4e48e3b) Importer(815301076,1909f56bfc062723c751e8b465ee728b)  -> (artifact id: '710524652408f06986a1909e5f439f3e') in 0.005240 seconds
  Import took 0.011077 seconds .

========================================================================
Received Import Request.
  Time since last request: 3.980872 seconds.
  path: Assets/Karting/Scenes/IntroMenu.unity
  artifactKey: Guid(d29260d8d84c94bd7ac95807b3da99d4) Importer(815301076,1909f56bfc062723c751e8b465ee728b)
Start importing Assets/Karting/Scenes/IntroMenu.unity using Guid(d29260d8d84c94bd7ac95807b3da99d4) Importer(815301076,1909f56bfc062723c751e8b465ee728b)  -> (artifact id: '818bba4823bc3c4c3b0b09353fa63508') in 0.005033 seconds
  Import took 0.010910 seconds .

========================================================================
Received Import Request.
  Time since last request: 182.389204 seconds.
  path: Assets/Karting/Scenes/IntroMenu.unity
  artifactKey: Guid(d29260d8d84c94bd7ac95807b3da99d4) Importer(815301076,1909f56bfc062723c751e8b465ee728b)
Start importing Assets/Karting/Scenes/IntroMenu.unity using Guid(d29260d8d84c94bd7ac95807b3da99d4) Importer(815301076,1909f56bfc062723c751e8b465ee728b)  -> (artifact id: '1ec4d047e9e1d3b012d0ee392b8c4ee2') in 0.004580 seconds
  Import took 0.010493 seconds .

========================================================================
Received Prepare
Registering precompiled user dll's ...
Registered in 0.020431 seconds.
Begin MonoManager ReloadAssembly
Native extension for LinuxStandalone target not found
Native extension for WindowsStandalone target not found
Native extension for WebGL target not found
Refreshing native plugins compatible for Editor in 1.08 ms, found 3 plugins.
Preloading 0 native plugins for Editor in 0.00 ms.
Warning: Annotation not found!
UnityEngine.StackTraceUtility:ExtractStackTrace ()
UnityEditor.ProBuilder.EditorUtility:SetGizmoIconEnabled (System.Type,bool) (at Library/PackageCache/com.unity.probuilder@4.5.0/Editor/EditorCore/EditorUtility.cs:593)
UnityEditor.ProBuilder.HierarchyListener:.cctor () (at Library/PackageCache/com.unity.probuilder@4.5.0/Editor/EditorCore/HierarchyListener.cs:21)
System.Runtime.CompilerServices.RuntimeHelpers:RunClassConstructor (System.RuntimeTypeHandle)
UnityEditor.EditorAssemblies:ProcessInitializeOnLoadAttributes (System.Type[])

[Library/PackageCache/com.unity.probuilder@4.5.0/Editor/EditorCore/EditorUtility.cs line 593]

Mono: successfully reloaded assembly
- Completed reload, in  2.324 seconds
Platform modules already initialized, skipping
Refreshing native plugins compatible for Editor in 1.06 ms, found 3 plugins.
Preloading 0 native plugins for Editor in 0.00 ms.
Unloading 2707 Unused Serialized files (Serialized files now loaded: 0)
System memory in use before: 123.2 MB.
System memory in use after: 121.1 MB.

Unloading 57 unused Assets to reduce memory usage. Loaded Objects now: 3151.
Total: 7.141300 ms (FindLiveObjects: 0.563500 ms CreateObjectMapping: 0.149900 ms MarkObjects: 3.681200 ms  DeleteObjects: 2.744800 ms)

AssetImportWorkerClient::OnTransportError - code=2 error=End of file
